[13-Feb-2016 11:59:42 UTC] PHP Warning:  Invalid argument supplied for foreach() in /home/ubuntu/workspace/wpdev/wordpress/wp-content/plugins/wp-registration/templates/admin/settings.php on line 67
[13-Feb-2016 11:59:42 UTC] PHP Stack trace:
[13-Feb-2016 11:59:42 UTC] PHP   1. {main}() /home/ubuntu/workspace/wpdev/wordpress/wp-admin/admin.php:0
[13-Feb-2016 11:59:42 UTC] PHP   2. do_action() /home/ubuntu/workspace/wpdev/wordpress/wp-admin/admin.php:236
[13-Feb-2016 11:59:42 UTC] PHP   3. call_user_func_array:{/home/ubuntu/workspace/wpdev/wordpress/wp-includes/plugin.php:525}() /home/ubuntu/workspace/wpdev/wordpress/wp-includes/plugin.php:525
[13-Feb-2016 11:59:42 UTC] PHP   4. NM_WPRegistration_Admin->nm_settings() /home/ubuntu/workspace/wpdev/wordpress/wp-includes/plugin.php:525
[13-Feb-2016 11:59:42 UTC] PHP   5. NM_Framwork_V1_wpregistration->load_template() /home/ubuntu/workspace/wpdev/wordpress/wp-content/plugins/wp-registration/classes/admin.class.php:253
[13-Feb-2016 11:59:42 UTC] PHP   6. include_once() /home/ubuntu/workspace/wpdev/wordpress/wp-content/plugins/wp-registration/classes/nm-framework.php:495
[13-Feb-2016 12:00:31 UTC] PHP Warning:  Invalid argument supplied for foreach() in /home/ubuntu/workspace/wpdev/wordpress/wp-content/plugins/wp-registration/templates/admin/settings.php on line 67
[13-Feb-2016 12:00:31 UTC] PHP Stack trace:
[13-Feb-2016 12:00:31 UTC] PHP   1. {main}() /home/ubuntu/workspace/wpdev/wordpress/wp-admin/admin.php:0
[13-Feb-2016 12:00:31 UTC] PHP   2. do_action() /home/ubuntu/workspace/wpdev/wordpress/wp-admin/admin.php:236
[13-Feb-2016 12:00:31 UTC] PHP   3. call_user_func_array:{/home/ubuntu/workspace/wpdev/wordpress/wp-includes/plugin.php:525}() /home/ubuntu/workspace/wpdev/wordpress/wp-includes/plugin.php:525
[13-Feb-2016 12:00:31 UTC] PHP   4. NM_WPRegistration_Admin->nm_settings() /home/ubuntu/workspace/wpdev/wordpress/wp-includes/plugin.php:525
[13-Feb-2016 12:00:31 UTC] PHP   5. NM_Framwork_V1_wpregistration->load_template() /home/ubuntu/workspace/wpdev/wordpress/wp-content/plugins/wp-registration/classes/admin.class.php:253
[13-Feb-2016 12:00:31 UTC] PHP   6. include_once() /home/ubuntu/workspace/wpdev/wordpress/wp-content/plugins/wp-registration/classes/nm-framework.php:495
[14-Feb-2016 11:31:01 UTC] PHP Warning:  Invalid argument supplied for foreach() in /home/ubuntu/workspace/wpdev/wordpress/wp-content/plugins/wp-registration/templates/admin/settings.php on line 67
[14-Feb-2016 11:31:01 UTC] PHP Stack trace:
[14-Feb-2016 11:31:01 UTC] PHP   1. {main}() /home/ubuntu/workspace/wpdev/wordpress/wp-admin/admin.php:0
[14-Feb-2016 11:31:01 UTC] PHP   2. do_action() /home/ubuntu/workspace/wpdev/wordpress/wp-admin/admin.php:236
[14-Feb-2016 11:31:01 UTC] PHP   3. call_user_func_array:{/home/ubuntu/workspace/wpdev/wordpress/wp-includes/plugin.php:525}() /home/ubuntu/workspace/wpdev/wordpress/wp-includes/plugin.php:525
[14-Feb-2016 11:31:01 UTC] PHP   4. NM_WPRegistration_Admin->nm_settings() /home/ubuntu/workspace/wpdev/wordpress/wp-includes/plugin.php:525
[14-Feb-2016 11:31:01 UTC] PHP   5. NM_Framwork_V1_wpregistration->load_template() /home/ubuntu/workspace/wpdev/wordpress/wp-content/plugins/wp-registration/classes/admin.class.php:253
[14-Feb-2016 11:31:01 UTC] PHP   6. include_once() /home/ubuntu/workspace/wpdev/wordpress/wp-content/plugins/wp-registration/classes/nm-framework.php:495
